<?xml version="1.0" encoding="UTF-8"?>
<testng-results ignored="0" total="2" passed="2" failed="0" skipped="0">
  <reporter-output>
  </reporter-output>
  <suite started-at="2023-09-20T13:05:25 EDT" name="All Test Suite" finished-at="2023-09-20T13:05:28 EDT" duration-ms="2350">
    <groups>
    </groups>
    <test started-at="2023-09-20T13:05:25 EDT" name="C:/Users/abhay/IdeaProjects/APIAutomationFramework/src/test/java/api/test/UserTest2.java" finished-at="2023-09-20T13:05:28 EDT" duration-ms="2350">
      <class name="api.test.UserTest2">
        <test-method is-config="true" signature="setUpData()[pri:0, instance:api.test.UserTest2@30c15d8b]" started-at="2023-09-20T13:05:26 EDT" name="setUpData" finished-at="2023-09-20T13:05:26 EDT" duration-ms="533" status="PASS">
          <reporter-output>
          </reporter-output>
        </test-method> <!-- setUpData -->
        <test-method signature="testUpdateUserByName()[pri:0, instance:api.test.UserTest2@30c15d8b]" started-at="2023-09-20T13:05:26 EDT" name="testUpdateUserByName" finished-at="2023-09-20T13:05:28 EDT" duration-ms="1477" status="PASS">
          <reporter-output>
          </reporter-output>
        </test-method> <!-- testUpdateUserByName -->
        <test-method is-config="true" signature="setUpData()[pri:0, instance:api.test.UserTest2@30c15d8b]" started-at="2023-09-20T13:05:28 EDT" name="setUpData" finished-at="2023-09-20T13:05:28 EDT" duration-ms="28" status="PASS">
          <reporter-output>
          </reporter-output>
        </test-method> <!-- setUpData -->
        <test-method signature="testPostReq()[pri:1, instance:api.test.UserTest2@30c15d8b]" started-at="2023-09-20T13:05:28 EDT" name="testPostReq" finished-at="2023-09-20T13:05:28 EDT" duration-ms="112" status="PASS">
          <reporter-output>
          </reporter-output>
        </test-method> <!-- testPostReq -->
      </class> <!-- api.test.UserTest2 -->
    </test> <!-- C:/Users/abhay/IdeaProjects/APIAutomationFramework/src/test/java/api/test/UserTest2.java -->
  </suite> <!-- All Test Suite -->
</testng-results>
